# JRE version: Java(TM) SE Runtime Environment (8.0_45-b15) (build 1.8.0_45-b15)
# Java VM: Java HotSpot(TM) 64-Bit Server VM (25.45-b02 mixed mode windows-amd64 compressed oops)
Heap:
 PSYoungGen      total 213504K, used 192635K [0x00000000eab00000, 0x00000000f9280000, 0x0000000100000000)
  eden space 196608K, 96% used [0x00000000eab00000,0x00000000f63bbde0,0x00000000f6b00000)
  from space 16896K, 20% used [0x00000000f6b00000,0x00000000f6e63120,0x00000000f7b80000)
  to   space 16384K, 0% used [0x00000000f8280000,0x00000000f8280000,0x00000000f9280000)
 ParOldGen       total 67584K, used 50951K [0x00000000c0000000, 0x00000000c4200000, 0x00000000eab00000)
  object space 67584K, 75% used [0x00000000c0000000,0x00000000c31c1d58,0x00000000c4200000)
 Metaspace       used 67349K, capacity 72376K, committed 72576K, reserved 1112064K
  class space    used 8908K, capacity 9681K, committed 9856K, reserved 1048576K
GC Heap History (10 events):
Event: 3812.576 GC heap before
{Heap before GC invocations=43 (full 12):
 PSYoungGen      total 214528K, used 89213K [0x00000000eab00000, 0x00000000f8f00000, 0x0000000100000000)
  eden space 196608K, 45% used [0x00000000eab00000,0x00000000f021f6f8,0x00000000f6b00000)
  from space 17920K, 0% used [0x00000000f7d80000,0x00000000f7d80000,0x00000000f8f00000)
  to   space 18432K, 0% used [0x00000000f6b00000,0x00000000f6b00000,0x00000000f7d00000)
 ParOldGen       total 67584K, used 48811K [0x00000000c0000000, 0x00000000c4200000, 0x00000000eab00000)
  object space 67584K, 72% used [0x00000000c0000000,0x00000000c2faacc0,0x00000000c4200000)
 Metaspace       used 66799K, capacity 71662K, committed 72064K, reserved 1112064K
  class space    used 8879K, capacity 9655K, committed 9856K, reserved 1048576K
Event: 3812.592 GC heap after
Heap after GC invocations=43 (full 12):
 PSYoungGen      total 201728K, used 5069K [0x00000000eab00000, 0x00000000f8d00000, 0x0000000100000000)
  eden space 196608K, 0% used [0x00000000eab00000,0x00000000eab00000,0x00000000f6b00000)
  from space 5120K, 99% used [0x00000000f6b00000,0x00000000f6ff3470,0x00000000f7000000)
  to   space 17408K, 0% used [0x00000000f7c00000,0x00000000f7c00000,0x00000000f8d00000)
 ParOldGen       total 67584K, used 48819K [0x00000000c0000000, 0x00000000c4200000, 0x00000000eab00000)
  object space 67584K, 72% used [0x00000000c0000000,0x00000000c2faccc0,0x00000000c4200000)
 Metaspace       used 66799K, capacity 71662K, committed 72064K, reserved 1112064K
  class space    used 8879K, capacity 9655K, committed 9856K, reserved 1048576K
}
Event: 3812.592 GC heap before
{Heap before GC invocations=44 (full 13):
 PSYoungGen      total 201728K, used 5069K [0x00000000eab00000, 0x00000000f8d00000, 0x0000000100000000)
  eden space 196608K, 0% used [0x00000000eab00000,0x00000000eab00000,0x00000000f6b00000)
  from space 5120K, 99% used [0x00000000f6b00000,0x00000000f6ff3470,0x00000000f7000000)
  to   space 17408K, 0% used [0x00000000f7c00000,0x00000000f7c00000,0x00000000f8d00000)
 ParOldGen       total 67584K, used 48819K [0x00000000c0000000, 0x00000000c4200000, 0x00000000eab00000)
  object space 67584K, 72% used [0x00000000c0000000,0x00000000c2faccc0,0x00000000c4200000)
 Metaspace       used 66799K, capacity 71662K, committed 72064K, reserved 1112064K
  class space    used 8879K, capacity 9655K, committed 9856K, reserved 1048576K
Event: 3812.988 GC heap after
Heap after GC invocations=44 (full 13):
 PSYoungGen      total 201728K, used 0K [0x00000000eab00000, 0x00000000f8d00000, 0x0000000100000000)
  eden space 196608K, 0% used [0x00000000eab00000,0x00000000eab00000,0x00000000f6b00000)
  from space 5120K, 0% used [0x00000000f6b00000,0x00000000f6b00000,0x00000000f7000000)
  to   space 17408K, 0% used [0x00000000f7c00000,0x00000000f7c00000,0x00000000f8d00000)
 ParOldGen       total 67584K, used 52643K [0x00000000c0000000, 0x00000000c4200000, 0x00000000eab00000)
  object space 67584K, 77% used [0x00000000c0000000,0x00000000c3368ef8,0x00000000c4200000)
 Metaspace       used 66713K, capacity 71532K, committed 72064K, reserved 1112064K
  class space    used 8863K, capacity 9631K, committed 9856K, reserved 1048576K
}
Event: 3836.313 GC heap before
{Heap before GC invocations=45 (full 13):
 PSYoungGen      total 201728K, used 192977K [0x00000000eab00000, 0x00000000f8d00000, 0x0000000100000000)
  eden space 196608K, 98% used [0x00000000eab00000,0x00000000f6774448,0x00000000f6b00000)
  from space 5120K, 0% used [0x00000000f6b00000,0x00000000f6b00000,0x00000000f7000000)
  to   space 17408K, 0% used [0x00000000f7c00000,0x00000000f7c00000,0x00000000f8d00000)
 ParOldGen       total 67584K, used 52643K [0x00000000c0000000, 0x00000000c4200000, 0x00000000eab00000)
  object space 67584K, 77% used [0x00000000c0000000,0x00000000c3368ef8,0x00000000c4200000)
 Metaspace       used 66916K, capacity 71684K, committed 72064K, reserved 1112064K
  class space    used 8867K, capacity 9637K, committed 9856K, reserved 1048576K
Event: 3836.358 GC heap after
Heap after GC invocations=45 (full 13):
 PSYoungGen      total 212992K, used 3535K [0x00000000eab00000, 0x00000000f8c00000, 0x0000000100000000)
  eden space 196608K, 0% used [0x00000000eab00000,0x00000000eab00000,0x00000000f6b00000)
  from space 16384K, 21% used [0x00000000f7c00000,0x00000000f7f73c40,0x00000000f8c00000)
  to   space 16896K, 0% used [0x00000000f6b00000,0x00000000f6b00000,0x00000000f7b80000)
 ParOldGen       total 67584K, used 52651K [0x00000000c0000000, 0x00000000c4200000, 0x00000000eab00000)
  object space 67584K, 77% used [0x00000000c0000000,0x00000000c336aef8,0x00000000c4200000)
 Metaspace       used 66916K, capacity 71684K, committed 72064K, reserved 1112064K
  class space    used 8867K, capacity 9637K, committed 9856K, reserved 1048576K
}
Event: 3836.358 GC heap before
{Heap before GC invocations=46 (full 14):
 PSYoungGen      total 212992K, used 3535K [0x00000000eab00000, 0x00000000f8c00000, 0x0000000100000000)
  eden space 196608K, 0% used [0x00000000eab00000,0x00000000eab00000,0x00000000f6b00000)
  from space 16384K, 21% used [0x00000000f7c00000,0x00000000f7f73c40,0x00000000f8c00000)
  to   space 16896K, 0% used [0x00000000f6b00000,0x00000000f6b00000,0x00000000f7b80000)
 ParOldGen       total 67584K, used 52651K [0x00000000c0000000, 0x00000000c4200000, 0x00000000eab00000)
  object space 67584K, 77% used [0x00000000c0000000,0x00000000c336aef8,0x00000000c4200000)
 Metaspace       used 66916K, capacity 71684K, committed 72064K, reserved 1112064K
  class space    used 8867K, capacity 9637K, committed 9856K, reserved 1048576K
Event: 3836.719 GC heap after
Heap after GC invocations=46 (full 14):
 PSYoungGen      total 212992K, used 0K [0x00000000eab00000, 0x00000000f8c00000, 0x0000000100000000)
  eden space 196608K, 0% used [0x00000000eab00000,0x00000000eab00000,0x00000000f6b00000)
  from space 16384K, 0% used [0x00000000f7c00000,0x00000000f7c00000,0x00000000f8c00000)
  to   space 16896K, 0% used [0x00000000f6b00000,0x00000000f6b00000,0x00000000f7b80000)
 ParOldGen       total 67584K, used 50943K [0x00000000c0000000, 0x00000000c4200000, 0x00000000eab00000)
  object space 67584K, 75% used [0x00000000c0000000,0x00000000c31bfd58,0x00000000c4200000)
 Metaspace       used 66916K, capacity 71684K, committed 72064K, reserved 1112064K
  class space    used 8867K, capacity 9637K, committed 9856K, reserved 1048576K
}
Event: 3941.162 GC heap before
{Heap before GC invocations=47 (full 14):
 PSYoungGen      total 212992K, used 196608K [0x00000000eab00000, 0x00000000f8c00000, 0x0000000100000000)
  eden space 196608K, 100% used [0x00000000eab00000,0x00000000f6b00000,0x00000000f6b00000)
  from space 16384K, 0% used [0x00000000f7c00000,0x00000000f7c00000,0x00000000f8c00000)
  to   space 16896K, 0% used [0x00000000f6b00000,0x00000000f6b00000,0x00000000f7b80000)
 ParOldGen       total 67584K, used 50943K [0x00000000c0000000, 0x00000000c4200000, 0x00000000eab00000)
  object space 67584K, 75% used [0x00000000c0000000,0x00000000c31bfd58,0x00000000c4200000)
 Metaspace       used 67192K, capacity 72186K, committed 72576K, reserved 1112064K
  class space    used 8893K, capacity 9666K, committed 9856K, reserved 1048576K
Event: 3941.168 GC heap after
Heap after GC invocations=47 (full 14):
 PSYoungGen      total 213504K, used 3468K [0x00000000eab00000, 0x00000000f9280000, 0x0000000100000000)
  eden space 196608K, 0% used [0x00000000eab00000,0x00000000eab00000,0x00000000f6b00000)
  from space 16896K, 20% used [0x00000000f6b00000,0x00000000f6e63120,0x00000000f7b80000)
  to   space 16384K, 0% used [0x00000000f8280000,0x00000000f8280000,0x00000000f9280000)
 ParOldGen       total 67584K, used 50951K [0x00000000c0000000, 0x00000000c4200000, 0x00000000eab00000)
  object space 67584K, 75% used [0x00000000c0000000,0x00000000c31c1d58,0x00000000c4200000)
 Metaspace       used 67192K, capacity 72186K, committed 72576K, reserved 1112064K
  class space    used 8893K, capacity 9666K, committed 9856K, reserved 1048576K
}

